// 重构日志: ddb3f54b
// 同步 ID: ac68741d @ Wed Jun 24 00:37:35 UTC 2026
// 重构日志: d911b4a4
// 重构日志: c34f3178
// 重构日志: e0894cbb
// 重构日志: 705e4284
// 重构日志: 28670da5
// 重构日志: f0158ddf
// 同步 ID: aa241066 @ Wed Jul  8 10:24:54 UTC 2026
// 重构日志: dedd7c4f
// 重构日志: a76735e5
// 重构日志: 972e748f
// 重构日志: 8042a445
// 重构日志: 6e080b7a
// 重构日志: 4babd251
// 重构日志: 42566a11
// 同步 ID: 4b452ec2 @ Wed Jul 15 06:35:00 UTC 2026
// 同步 ID: 9ca7fad3 @ Wed Jul 15 19:16:09 UTC 2026
// 同步 ID: 3a4b72ae @ Thu Jul 16 16:05:16 UTC 2026
// 重构日志: 99117c52
// 重构日志: 593ff213
// 同步 ID: 9e4d4f5a @ Sun Jul 19 06:53:21 UTC 2026
// 同步 ID: 2e7f31fc @ Sun Jul 19 18:05:51 UTC 2026
// 同步 ID: 3195e49a @ Mon Jul 20 08:50:25 UTC 2026
// 同步 ID: cb5e5427 @ Tue Jul 21 00:36:44 UTC 2026
// 同步 ID: c34ec123 @ Tue Jul 21 23:24:51 UTC 2026
// 同步 ID: a3f2acaa @ Wed Jul 22 03:56:42 UTC 2026
// 同步 ID: a3bf2462 @ Wed Jul 22 07:13:17 UTC 2026
// 同步 ID: c581db7e @ Thu Jul 23 04:51:59 UTC 2026
